build/app/intermediates/manifest_merge_blame_file/release/manifest-merger-blame-release-report.txt
1<?xml version="1.0" encoding="utf-8"?>
2<manifest xmlns:android="http://schemas.android.com/apk/res/android"
3    package="com.example.flutter_auth"
4    android:versionCode="1"
5    android:versionName="1.0.0" >
6
7    <uses-sdk
8        android:minSdkVersion="16"
8-->src\main\AndroidManifest.xml
9        android:targetSdkVersion="28" />
9-->src\main\AndroidManifest.xml
10
11    <uses-permission android:name="android.permission.CAMERA" />
11-->src\main\AndroidManifest.xml:30:5-65
11-->src\main\AndroidManifest.xml:30:22-62
12    <uses-permission android:name="android.permission.ACCESS_FINE_LOCATION" />
12-->src\main\AndroidManifest.xml:31:5-79
12-->src\main\AndroidManifest.xml:31:22-76
13    <uses-permission android:name="android.permission.ACCESS_COARSE_LOCATION" />
13-->src\main\AndroidManifest.xml:32:5-81
13-->src\main\AndroidManifest.xml:32:22-78
14    <uses-permission android:name="android.permission.INTERNET" />
14-->src\main\AndroidManifest.xml:33:5-67
14-->src\main\AndroidManifest.xml:33:22-64
15    <uses-permission android:name="android.permission.ACCESS_NETWORK_STATE" />
15-->src\main\AndroidManifest.xml:34:5-79
15-->src\main\AndroidManifest.xml:34:22-76
16    <uses-permission android:name="android.permission.ACCESS_WIFI_STATE" />
16-->[:simple_connectivity] AndroidManifest.xml:8:5-76
16-->[:simple_connectivity] AndroidManifest.xml:8:22-73
17    <!--
18 io.flutter.app.FlutterApplication is an android.app.Application that
19         calls FlutterMain.startInitialization(this); in its onCreate method.
20         In most cases you can leave this as-is, but you if you want to provide
21         additional functionality it is fine to subclass or reimplement
22         FlutterApplication and put your custom class here.
23    -->
24    <application
24-->src\main\AndroidManifest.xml:8:5-29:19
25        android:name="io.flutter.app.FlutterApplication"
25-->src\main\AndroidManifest.xml:9:9-57
26        android:appComponentFactory="androidx.core.app.CoreComponentFactory"
26-->[androidx.core:core:1.2.0] AndroidManifest.xml:24:18-86
27        android:icon="@mipmap/ic_launcher"
27-->src\main\AndroidManifest.xml:11:9-43
28        android:label="flutter_auth" >
28-->src\main\AndroidManifest.xml:10:9-37
29        <activity
29-->src\main\AndroidManifest.xml:12:9-23:20
30            android:name="com.example.flutter_auth.MainActivity"
30-->src\main\AndroidManifest.xml:13:13-41
31            android:configChanges="orientation|keyboardHidden|keyboard|screenSize|smallestScreenSize|locale|layoutDirection|fontScale|screenLayout|density|uiMode"
31-->src\main\AndroidManifest.xml:16:13-163
32            android:hardwareAccelerated="true"
32-->src\main\AndroidManifest.xml:17:13-47
33            android:launchMode="singleTop"
33-->src\main\AndroidManifest.xml:14:13-43
34            android:theme="@style/LaunchTheme"
34-->src\main\AndroidManifest.xml:15:13-47
35            android:windowSoftInputMode="adjustResize" >
35-->src\main\AndroidManifest.xml:18:13-55
36            <intent-filter>
36-->src\main\AndroidManifest.xml:19:13-22:29
37                <action android:name="android.intent.action.MAIN" />
37-->src\main\AndroidManifest.xml:20:17-68
37-->src\main\AndroidManifest.xml:20:25-66
38
39                <category android:name="android.intent.category.LAUNCHER" />
39-->src\main\AndroidManifest.xml:21:17-76
39-->src\main\AndroidManifest.xml:21:27-74
40            </intent-filter>
41        </activity>
42        <!--
43             Don't delete the meta-data below.
44             This is used by the Flutter tool to generate GeneratedPluginRegistrant.java
45        -->
46        <meta-data
46-->src\main\AndroidManifest.xml:26:9-28:33
47            android:name="flutterEmbedding"
47-->src\main\AndroidManifest.xml:27:13-44
48            android:value="2" />
48-->src\main\AndroidManifest.xml:28:13-30
49
50        <activity android:name="de.mintware.barcode_scan.BarcodeScannerActivity" />
50-->[:barcode_scan] AndroidManifest.xml:14:9-84
50-->[:barcode_scan] AndroidManifest.xml:14:19-81
51        <activity
51-->[com.google.android.gms:play-services-base:17.2.1] AndroidManifest.xml:23:9-26:75
52            android:name="com.google.android.gms.common.api.GoogleApiActivity"
52-->[com.google.android.gms:play-services-base:17.2.1] AndroidManifest.xml:24:13-79
53            android:exported="false"
53-->[com.google.android.gms:play-services-base:17.2.1] AndroidManifest.xml:25:13-37
54            android:theme="@android:style/Theme.Translucent.NoTitleBar" />
54-->[com.google.android.gms:play-services-base:17.2.1] AndroidManifest.xml:26:13-72
55
56        <meta-data
56-->[com.google.android.gms:play-services-basement:17.2.1] AndroidManifest.xml:23:9-25:69
57            android:name="com.google.android.gms.version"
57-->[com.google.android.gms:play-services-basement:17.2.1] AndroidManifest.xml:24:13-58
58            android:value="@integer/google_play_services_version" />
58-->[com.google.android.gms:play-services-basement:17.2.1] AndroidManifest.xml:25:13-66
59    </application>
60
61</manifest>